2014-07-10 22:01:58 Error: Fatal Error (1): Call to a member function find() on a non-object in [/Users/seokazuya/apps/talk/app/Controller/GreetingsController.php, line 6]
2014-07-10 22:01:58 Error: [FatalErrorException] Call to a member function find() on a non-object
Request URL: /greetings/
Stack Trace:
#0 /Users/seokazuya/apps/talk/lib/Cake/Error/ErrorHandler.php(203): ErrorHandler::handleFatalError(1, 'Call to a membe...', '/Users/seokazuy...', 6)
#1 [internal function]: ErrorHandler::handleError(1, 'Call to a membe...', '/Users/seokazuy...', 6, Array)
#2 /Users/seokazuya/apps/talk/lib/Cake/Core/App.php(929): call_user_func('ErrorHandler::h...', 1, 'Call to a membe...', '/Users/seokazuy...', 6, Array)
#3 /Users/seokazuya/apps/talk/lib/Cake/Core/App.php(902): App::_checkFatalError()
#4 [internal function]: App::shutdown()
#5 {main}
2014-07-10 22:07:09 Error: [MissingControllerException] Controller class GreetingController could not be found.
Exception Attributes: array (
  'class' => 'GreetingController',
  'plugin' => NULL,
)
Request URL: /greeting/sendmessage/?message=%E3%81%93%E3%82%93%E3%81%AB%E3%81%A1%E3%81%AF
Stack Trace:
#0 /Users/seokazuya/apps/talk/app/webroot/index.php(108): Dispatcher->dispatch(Object(CakeRequest), Object(CakeResponse))
#1 {main}
2014-07-10 22:09:30 Error: [MissingControllerException] Controller class GreetingController could not be found.
Exception Attributes: array (
  'class' => 'GreetingController',
  'plugin' => NULL,
)
Request URL: /greeting/sendmessage/?message=%E3%81%93%E3%82%93%E3%81%AB%E3%81%A1%E3%81%AF
Stack Trace:
#0 /Users/seokazuya/apps/talk/app/webroot/index.php(108): Dispatcher->dispatch(Object(CakeRequest), Object(CakeResponse))
#1 {main}
2014-07-10 22:09:31 Error: [MissingControllerException] Controller class GreetingController could not be found.
Exception Attributes: array (
  'class' => 'GreetingController',
  'plugin' => NULL,
)
Request URL: /greeting/sendmessage/?message=%E3%81%93%E3%82%93%E3%81%AB%E3%81%A1%E3%81%AF
Stack Trace:
#0 /Users/seokazuya/apps/talk/app/webroot/index.php(108): Dispatcher->dispatch(Object(CakeRequest), Object(CakeResponse))
#1 {main}
2014-07-10 22:09:35 Error: [MissingControllerException] Controller class GreetingController could not be found.
Exception Attributes: array (
  'class' => 'GreetingController',
  'plugin' => NULL,
)
Request URL: /greeting/sendmessage/?message=%E3%81%93%E3%82%93%E3%81%AB%E3%81%A1%E3%81%AF
Stack Trace:
#0 /Users/seokazuya/apps/talk/app/webroot/index.php(108): Dispatcher->dispatch(Object(CakeRequest), Object(CakeResponse))
#1 {main}
2014-07-10 22:09:38 Error: [MissingControllerException] Controller class GreetingController could not be found.
Exception Attributes: array (
  'class' => 'GreetingController',
  'plugin' => NULL,
)
Request URL: /greeting/result/0
Stack Trace:
#0 /Users/seokazuya/apps/talk/app/webroot/index.php(108): Dispatcher->dispatch(Object(CakeRequest), Object(CakeResponse))
#1 {main}
2014-07-10 22:10:00 Error: [MissingControllerException] Controller class GreetingController could not be found.
Exception Attributes: array (
  'class' => 'GreetingController',
  'plugin' => NULL,
)
Request URL: /greeting/result/0
Stack Trace:
#0 /Users/seokazuya/apps/talk/app/webroot/index.php(108): Dispatcher->dispatch(Object(CakeRequest), Object(CakeResponse))
#1 {main}
2014-07-10 22:10:11 Error: [MissingControllerException] Controller class GreetingController could not be found.
Exception Attributes: array (
  'class' => 'GreetingController',
  'plugin' => NULL,
)
Request URL: /greeting/result/9
Stack Trace:
#0 /Users/seokazuya/apps/talk/app/webroot/index.php(108): Dispatcher->dispatch(Object(CakeRequest), Object(CakeResponse))
#1 {main}
2014-07-10 22:10:24 Error: [MissingControllerException] Controller class GreetingController could not be found.
Exception Attributes: array (
  'class' => 'GreetingController',
  'plugin' => NULL,
)
Request URL: /greeting/result/9
Stack Trace:
#0 /Users/seokazuya/apps/talk/app/webroot/index.php(108): Dispatcher->dispatch(Object(CakeRequest), Object(CakeResponse))
#1 {main}
2014-07-10 22:12:02 Error: [MissingControllerException] Controller class GreetingController could not be found.
Exception Attributes: array (
  'class' => 'GreetingController',
  'plugin' => NULL,
)
Request URL: /greeting/sendmessage/?message=%E3%81%93%E3%82%93%E3%81%AB%E3%81%A1%E3%81%AF
Stack Trace:
#0 /Users/seokazuya/apps/talk/app/webroot/index.php(108): Dispatcher->dispatch(Object(CakeRequest), Object(CakeResponse))
#1 {main}
2014-07-10 22:24:27 Error: Fatal Error (4): parse error, expecting `"variable (T_VARIABLE)"' in [/Users/seokazuya/apps/talk/app/Controller/GreetingsController.php, line 19]
2014-07-10 22:24:27 Error: [FatalErrorException] parse error, expecting `"variable (T_VARIABLE)"'
Request URL: /greetings/sendmessage/?message=hello
Stack Trace:
#0 /Users/seokazuya/apps/talk/lib/Cake/Error/ErrorHandler.php(203): ErrorHandler::handleFatalError(4, 'parse error, ex...', '/Users/seokazuy...', 19)
#1 [internal function]: ErrorHandler::handleError(4, 'parse error, ex...', '/Users/seokazuy...', 19, Array)
#2 /Users/seokazuya/apps/talk/lib/Cake/Core/App.php(929): call_user_func('ErrorHandler::h...', 4, 'parse error, ex...', '/Users/seokazuy...', 19, Array)
#3 /Users/seokazuya/apps/talk/lib/Cake/Core/App.php(902): App::_checkFatalError()
#4 [internal function]: App::shutdown()
#5 {main}
2014-07-10 22:25:14 Error: Fatal Error (4): parse error, expecting `"variable (T_VARIABLE)"' in [/Users/seokazuya/apps/talk/app/Controller/GreetingsController.php, line 19]
2014-07-10 22:25:14 Error: [FatalErrorException] parse error, expecting `"variable (T_VARIABLE)"'
Request URL: /greetings/sendmessage/?message=hello
Stack Trace:
#0 /Users/seokazuya/apps/talk/lib/Cake/Error/ErrorHandler.php(203): ErrorHandler::handleFatalError(4, 'parse error, ex...', '/Users/seokazuy...', 19)
#1 [internal function]: ErrorHandler::handleError(4, 'parse error, ex...', '/Users/seokazuy...', 19, Array)
#2 /Users/seokazuya/apps/talk/lib/Cake/Core/App.php(929): call_user_func('ErrorHandler::h...', 4, 'parse error, ex...', '/Users/seokazuy...', 19, Array)
#3 /Users/seokazuya/apps/talk/lib/Cake/Core/App.php(902): App::_checkFatalError()
#4 [internal function]: App::shutdown()
#5 {main}
2014-07-10 22:25:39 Error: Fatal Error (4): parse error in [/Users/seokazuya/apps/talk/app/Controller/GreetingsController.php, line 29]
2014-07-10 22:25:39 Error: [FatalErrorException] parse error
Request URL: /greetings/sendmessage/?message=hello
Stack Trace:
#0 /Users/seokazuya/apps/talk/lib/Cake/Error/ErrorHandler.php(203): ErrorHandler::handleFatalError(4, 'parse error', '/Users/seokazuy...', 29)
#1 [internal function]: ErrorHandler::handleError(4, 'parse error', '/Users/seokazuy...', 29, Array)
#2 /Users/seokazuya/apps/talk/lib/Cake/Core/App.php(929): call_user_func('ErrorHandler::h...', 4, 'parse error', '/Users/seokazuy...', 29, Array)
#3 /Users/seokazuya/apps/talk/lib/Cake/Core/App.php(902): App::_checkFatalError()
#4 [internal function]: App::shutdown()
#5 {main}
2014-07-10 22:25:55 Error: Fatal Error (4): parse error in [/Users/seokazuya/apps/talk/app/Controller/GreetingsController.php, line 29]
2014-07-10 22:25:55 Error: [FatalErrorException] parse error
Request URL: /greetings/sendmessage/?message=hello
Stack Trace:
#0 /Users/seokazuya/apps/talk/lib/Cake/Error/ErrorHandler.php(203): ErrorHandler::handleFatalError(4, 'parse error', '/Users/seokazuy...', 29)
#1 [internal function]: ErrorHandler::handleError(4, 'parse error', '/Users/seokazuy...', 29, Array)
#2 /Users/seokazuya/apps/talk/lib/Cake/Core/App.php(929): call_user_func('ErrorHandler::h...', 4, 'parse error', '/Users/seokazuy...', 29, Array)
#3 /Users/seokazuya/apps/talk/lib/Cake/Core/App.php(902): App::_checkFatalError()
#4 [internal function]: App::shutdown()
#5 {main}
2014-07-10 22:43:55 Error: Fatal Error (4): parse error, expecting `','' or `';'' in [/Users/seokazuya/apps/talk/app/Controller/GreetingsController.php, line 6]
2014-07-10 22:43:55 Error: [FatalErrorException] parse error, expecting `','' or `';''
Request URL: /greetings/
Stack Trace:
#0 /Users/seokazuya/apps/talk/lib/Cake/Error/ErrorHandler.php(203): ErrorHandler::handleFatalError(4, 'parse error, ex...', '/Users/seokazuy...', 6)
#1 [internal function]: ErrorHandler::handleError(4, 'parse error, ex...', '/Users/seokazuy...', 6, Array)
#2 /Users/seokazuya/apps/talk/lib/Cake/Core/App.php(929): call_user_func('ErrorHandler::h...', 4, 'parse error, ex...', '/Users/seokazuy...', 6, Array)
#3 /Users/seokazuya/apps/talk/lib/Cake/Core/App.php(902): App::_checkFatalError()
#4 [internal function]: App::shutdown()
#5 {main}
2014-07-12 22:03:51 Error: [MissingViewException] View file "/Users/seokazuya/apps/talk/app/View/Greetings/nomessage.ctp" is missing.
Exception Attributes: array (
  'file' => '/Users/seokazuya/apps/talk/app/View/Greetings/nomessage.ctp',
)
Request URL: /greetings/nomessage/
Stack Trace:
#0 /Users/seokazuya/apps/talk/lib/Cake/View/View.php(462): View->_getViewFileName(NULL)
#1 /Users/seokazuya/apps/talk/lib/Cake/Controller/Controller.php(954): View->render(NULL, NULL)
#2 /Users/seokazuya/apps/talk/lib/Cake/Routing/Dispatcher.php(192): Controller->render()
#3 /Users/seokazuya/apps/talk/lib/Cake/Routing/Dispatcher.php(160): Dispatcher->_invoke(Object(GreetingsController), Object(CakeRequest), Object(CakeResponse))
#4 /Users/seokazuya/apps/talk/app/webroot/index.php(108): Dispatcher->dispatch(Object(CakeRequest), Object(CakeResponse))
#5 {main}
2014-07-12 22:06:37 Error: [MissingViewException] View file "/Users/seokazuya/apps/talk/app/View/Greetings/sendmessage.ctp" is missing.
Exception Attributes: array (
  'file' => '/Users/seokazuya/apps/talk/app/View/Greetings/sendmessage.ctp',
)
Request URL: /greetings/sendmessage/?message=hello
Stack Trace:
#0 /Users/seokazuya/apps/talk/lib/Cake/View/View.php(462): View->_getViewFileName(NULL)
#1 /Users/seokazuya/apps/talk/lib/Cake/Controller/Controller.php(954): View->render(NULL, NULL)
#2 /Users/seokazuya/apps/talk/lib/Cake/Routing/Dispatcher.php(192): Controller->render()
#3 /Users/seokazuya/apps/talk/lib/Cake/Routing/Dispatcher.php(160): Dispatcher->_invoke(Object(GreetingsController), Object(CakeRequest), Object(CakeResponse))
#4 /Users/seokazuya/apps/talk/app/webroot/index.php(108): Dispatcher->dispatch(Object(CakeRequest), Object(CakeResponse))
#5 {main}
2014-07-12 22:06:58 Error: [MissingViewException] View file "/Users/seokazuya/apps/talk/app/View/Greetings/sendmessage.ctp" is missing.
Exception Attributes: array (
  'file' => '/Users/seokazuya/apps/talk/app/View/Greetings/sendmessage.ctp',
)
Request URL: /greetings/sendmessage/?message=hello
Stack Trace:
#0 /Users/seokazuya/apps/talk/lib/Cake/View/View.php(462): View->_getViewFileName(NULL)
#1 /Users/seokazuya/apps/talk/lib/Cake/Controller/Controller.php(954): View->render(NULL, NULL)
#2 /Users/seokazuya/apps/talk/lib/Cake/Routing/Dispatcher.php(192): Controller->render()
#3 /Users/seokazuya/apps/talk/lib/Cake/Routing/Dispatcher.php(160): Dispatcher->_invoke(Object(GreetingsController), Object(CakeRequest), Object(CakeResponse))
#4 /Users/seokazuya/apps/talk/app/webroot/index.php(108): Dispatcher->dispatch(Object(CakeRequest), Object(CakeResponse))
#5 {main}
2014-07-12 22:07:41 Error: [MissingViewException] View file "/Users/seokazuya/apps/talk/app/View/Greetings/sendmessage.ctp" is missing.
Exception Attributes: array (
  'file' => '/Users/seokazuya/apps/talk/app/View/Greetings/sendmessage.ctp',
)
Request URL: /greetings/sendmessage/?message=hello
Stack Trace:
#0 /Users/seokazuya/apps/talk/lib/Cake/View/View.php(462): View->_getViewFileName(NULL)
#1 /Users/seokazuya/apps/talk/lib/Cake/Controller/Controller.php(954): View->render(NULL, NULL)
#2 /Users/seokazuya/apps/talk/lib/Cake/Routing/Dispatcher.php(192): Controller->render()
#3 /Users/seokazuya/apps/talk/lib/Cake/Routing/Dispatcher.php(160): Dispatcher->_invoke(Object(GreetingsController), Object(CakeRequest), Object(CakeResponse))
#4 /Users/seokazuya/apps/talk/app/webroot/index.php(108): Dispatcher->dispatch(Object(CakeRequest), Object(CakeResponse))
#5 {main}
2014-07-12 22:08:10 Error: [MissingViewException] View file "/Users/seokazuya/apps/talk/app/View/Greetings/sendmessage.ctp" is missing.
Exception Attributes: array (
  'file' => '/Users/seokazuya/apps/talk/app/View/Greetings/sendmessage.ctp',
)
Request URL: /greetings/sendmessage/
Stack Trace:
#0 /Users/seokazuya/apps/talk/lib/Cake/View/View.php(462): View->_getViewFileName(NULL)
#1 /Users/seokazuya/apps/talk/lib/Cake/Controller/Controller.php(954): View->render(NULL, NULL)
#2 /Users/seokazuya/apps/talk/lib/Cake/Routing/Dispatcher.php(192): Controller->render()
#3 /Users/seokazuya/apps/talk/lib/Cake/Routing/Dispatcher.php(160): Dispatcher->_invoke(Object(GreetingsController), Object(CakeRequest), Object(CakeResponse))
#4 /Users/seokazuya/apps/talk/app/webroot/index.php(108): Dispatcher->dispatch(Object(CakeRequest), Object(CakeResponse))
#5 {main}
2014-07-12 22:08:28 Error: [MissingTableException] Table greetings for model Greeting was not found in datasource default.
Exception Attributes: array (
  'table' => 'greetings',
  'class' => 'Greeting',
  'ds' => 'default',
)
Request URL: /greetings/sendmessage/
Stack Trace:
#0 /Users/seokazuya/apps/talk/lib/Cake/Model/Model.php(3499): Model->setSource('greetings')
#1 /Users/seokazuya/apps/talk/lib/Cake/Model/Model.php(3306): Model->getDataSource()
#2 /Users/seokazuya/apps/talk/app/Model/Greeting.php(12): Model->query('INSERT INTO (me...', Array)
#3 /Users/seokazuya/apps/talk/app/Controller/GreetingsController.php(12): Greeting->setData('hello')
#4 [internal function]: GreetingsController->sendmessage()
#5 /Users/seokazuya/apps/talk/lib/Cake/Controller/Controller.php(490): ReflectionMethod->invokeArgs(Object(GreetingsController), Array)
#6 /Users/seokazuya/apps/talk/lib/Cake/Routing/Dispatcher.php(185): Controller->invokeAction(Object(CakeRequest))
#7 /Users/seokazuya/apps/talk/lib/Cake/Routing/Dispatcher.php(160): Dispatcher->_invoke(Object(GreetingsController), Object(CakeRequest), Object(CakeResponse))
#8 /Users/seokazuya/apps/talk/app/webroot/index.php(108): Dispatcher->dispatch(Object(CakeRequest), Object(CakeResponse))
#9 {main}
2014-07-12 22:09:01 Error: [MissingTableException] Table greetings for model Greeting was not found in datasource default.
Exception Attributes: array (
  'table' => 'greetings',
  'class' => 'Greeting',
  'ds' => 'default',
)
Request URL: /greetings/sendmessage/
Stack Trace:
#0 /Users/seokazuya/apps/talk/lib/Cake/Model/Model.php(3499): Model->setSource('greetings')
#1 /Users/seokazuya/apps/talk/lib/Cake/Model/Model.php(3306): Model->getDataSource()
#2 /Users/seokazuya/apps/talk/app/Model/Greeting.php(12): Model->query('INSERT INTO gre...', Array)
#3 /Users/seokazuya/apps/talk/app/Controller/GreetingsController.php(12): Greeting->setData('hello')
#4 [internal function]: GreetingsController->sendmessage()
#5 /Users/seokazuya/apps/talk/lib/Cake/Controller/Controller.php(490): ReflectionMethod->invokeArgs(Object(GreetingsController), Array)
#6 /Users/seokazuya/apps/talk/lib/Cake/Routing/Dispatcher.php(185): Controller->invokeAction(Object(CakeRequest))
#7 /Users/seokazuya/apps/talk/lib/Cake/Routing/Dispatcher.php(160): Dispatcher->_invoke(Object(GreetingsController), Object(CakeRequest), Object(CakeResponse))
#8 /Users/seokazuya/apps/talk/app/webroot/index.php(108): Dispatcher->dispatch(Object(CakeRequest), Object(CakeResponse))
#9 {main}
2014-07-12 22:10:42 Error: [MissingTableException] Table greetings for model Greeting was not found in datasource default.
Exception Attributes: array (
  'table' => 'greetings',
  'class' => 'Greeting',
  'ds' => 'default',
)
Request URL: /greetings/sendmessage/
Stack Trace:
#0 /Users/seokazuya/apps/talk/lib/Cake/Model/Model.php(3499): Model->setSource('greetings')
#1 /Users/seokazuya/apps/talk/lib/Cake/Model/Model.php(3306): Model->getDataSource()
#2 /Users/seokazuya/apps/talk/app/Model/Greeting.php(12): Model->query('INSERT INTO gre...', Array)
#3 /Users/seokazuya/apps/talk/app/Controller/GreetingsController.php(12): Greeting->setData('hello')
#4 [internal function]: GreetingsController->sendmessage()
#5 /Users/seokazuya/apps/talk/lib/Cake/Controller/Controller.php(490): ReflectionMethod->invokeArgs(Object(GreetingsController), Array)
#6 /Users/seokazuya/apps/talk/lib/Cake/Routing/Dispatcher.php(185): Controller->invokeAction(Object(CakeRequest))
#7 /Users/seokazuya/apps/talk/lib/Cake/Routing/Dispatcher.php(160): Dispatcher->_invoke(Object(GreetingsController), Object(CakeRequest), Object(CakeResponse))
#8 /Users/seokazuya/apps/talk/app/webroot/index.php(108): Dispatcher->dispatch(Object(CakeRequest), Object(CakeResponse))
#9 {main}
2014-07-12 22:12:33 Error: [MissingTableException] Table greetings for model Greeting was not found in datasource default.
Exception Attributes: array (
  'table' => 'greetings',
  'class' => 'Greeting',
  'ds' => 'default',
)
Request URL: /greetings/sendmessage/
Stack Trace:
#0 /Users/seokazuya/apps/talk/lib/Cake/Model/Model.php(3499): Model->setSource('greetings')
#1 /Users/seokazuya/apps/talk/lib/Cake/Model/Model.php(3306): Model->getDataSource()
#2 /Users/seokazuya/apps/talk/app/Model/Greeting.php(12): Model->query('INSERT INTO gre...', Array)
#3 /Users/seokazuya/apps/talk/app/Controller/GreetingsController.php(12): Greeting->setData('hello')
#4 [internal function]: GreetingsController->sendmessage()
#5 /Users/seokazuya/apps/talk/lib/Cake/Controller/Controller.php(490): ReflectionMethod->invokeArgs(Object(GreetingsController), Array)
#6 /Users/seokazuya/apps/talk/lib/Cake/Routing/Dispatcher.php(185): Controller->invokeAction(Object(CakeRequest))
#7 /Users/seokazuya/apps/talk/lib/Cake/Routing/Dispatcher.php(160): Dispatcher->_invoke(Object(GreetingsController), Object(CakeRequest), Object(CakeResponse))
#8 /Users/seokazuya/apps/talk/app/webroot/index.php(108): Dispatcher->dispatch(Object(CakeRequest), Object(CakeResponse))
#9 {main}
2014-07-12 22:13:01 Error: [MissingTableException] Table greetings for model Greeting was not found in datasource default.
Exception Attributes: array (
  'table' => 'greetings',
  'class' => 'Greeting',
  'ds' => 'default',
)
Request URL: /greetings/sendmessage/
Stack Trace:
#0 /Users/seokazuya/apps/talk/lib/Cake/Model/Model.php(3499): Model->setSource('greetings')
#1 /Users/seokazuya/apps/talk/lib/Cake/Model/Model.php(2903): Model->getDataSource()
#2 /Users/seokazuya/apps/talk/lib/Cake/Model/Model.php(2875): Model->_readDataSource('all', Array)
#3 /Users/seokazuya/apps/talk/app/Controller/GreetingsController.php(13): Model->find('all')
#4 [internal function]: GreetingsController->sendmessage()
#5 /Users/seokazuya/apps/talk/lib/Cake/Controller/Controller.php(490): ReflectionMethod->invokeArgs(Object(GreetingsController), Array)
#6 /Users/seokazuya/apps/talk/lib/Cake/Routing/Dispatcher.php(185): Controller->invokeAction(Object(CakeRequest))
#7 /Users/seokazuya/apps/talk/lib/Cake/Routing/Dispatcher.php(160): Dispatcher->_invoke(Object(GreetingsController), Object(CakeRequest), Object(CakeResponse))
#8 /Users/seokazuya/apps/talk/app/webroot/index.php(108): Dispatcher->dispatch(Object(CakeRequest), Object(CakeResponse))
#9 {main}
2014-07-12 22:15:18 Error: [MissingTableException] Table greetings for model Greeting was not found in datasource default.
Exception Attributes: array (
  'table' => 'greetings',
  'class' => 'Greeting',
  'ds' => 'default',
)
Request URL: /greetings/sendmessage/
Stack Trace:
#0 /Users/seokazuya/apps/talk/lib/Cake/Model/Model.php(3499): Model->setSource('greetings')
#1 /Users/seokazuya/apps/talk/lib/Cake/Model/Model.php(3306): Model->getDataSource()
#2 /Users/seokazuya/apps/talk/app/Model/Greeting.php(12): Model->query('INSERT INTO gre...', Array)
#3 /Users/seokazuya/apps/talk/app/Controller/GreetingsController.php(12): Greeting->setData('hello')
#4 [internal function]: GreetingsController->sendmessage()
#5 /Users/seokazuya/apps/talk/lib/Cake/Controller/Controller.php(490): ReflectionMethod->invokeArgs(Object(GreetingsController), Array)
#6 /Users/seokazuya/apps/talk/lib/Cake/Routing/Dispatcher.php(185): Controller->invokeAction(Object(CakeRequest))
#7 /Users/seokazuya/apps/talk/lib/Cake/Routing/Dispatcher.php(160): Dispatcher->_invoke(Object(GreetingsController), Object(CakeRequest), Object(CakeResponse))
#8 /Users/seokazuya/apps/talk/app/webroot/index.php(108): Dispatcher->dispatch(Object(CakeRequest), Object(CakeResponse))
#9 {main}
2014-07-12 22:16:51 Error: [MissingTableException] Table greetings for model Greeting was not found in datasource default.
Exception Attributes: array (
  'table' => 'greetings',
  'class' => 'Greeting',
  'ds' => 'default',
)
Request URL: /greetings/sendmessage/
Stack Trace:
#0 /Users/seokazuya/apps/talk/lib/Cake/Model/Model.php(3499): Model->setSource('greetings')
#1 /Users/seokazuya/apps/talk/lib/Cake/Model/Model.php(3306): Model->getDataSource()
#2 /Users/seokazuya/apps/talk/app/Model/Greeting.php(13): Model->query('INSERT INTO gre...', Array)
#3 /Users/seokazuya/apps/talk/app/Controller/GreetingsController.php(12): Greeting->setData('hello')
#4 [internal function]: GreetingsController->sendmessage()
#5 /Users/seokazuya/apps/talk/lib/Cake/Controller/Controller.php(490): ReflectionMethod->invokeArgs(Object(GreetingsController), Array)
#6 /Users/seokazuya/apps/talk/lib/Cake/Routing/Dispatcher.php(185): Controller->invokeAction(Object(CakeRequest))
#7 /Users/seokazuya/apps/talk/lib/Cake/Routing/Dispatcher.php(160): Dispatcher->_invoke(Object(GreetingsController), Object(CakeRequest), Object(CakeResponse))
#8 /Users/seokazuya/apps/talk/app/webroot/index.php(108): Dispatcher->dispatch(Object(CakeRequest), Object(CakeResponse))
#9 {main}
2014-07-12 22:19:18 Error: [MissingTableException] Table greetings for model Greeting was not found in datasource default.
Exception Attributes: array (
  'table' => 'greetings',
  'class' => 'Greeting',
  'ds' => 'default',
)
Request URL: /greetings/sendmessage/
Stack Trace:
#0 /Users/seokazuya/apps/talk/lib/Cake/Model/Model.php(3499): Model->setSource('greetings')
#1 /Users/seokazuya/apps/talk/lib/Cake/Model/Model.php(3306): Model->getDataSource()
#2 /Users/seokazuya/apps/talk/app/Model/Greeting.php(12): Model->query('INSERT INTO gre...', Array)
#3 /Users/seokazuya/apps/talk/app/Controller/GreetingsController.php(12): Greeting->setData('hello')
#4 [internal function]: GreetingsController->sendmessage()
#5 /Users/seokazuya/apps/talk/lib/Cake/Controller/Controller.php(490): ReflectionMethod->invokeArgs(Object(GreetingsController), Array)
#6 /Users/seokazuya/apps/talk/lib/Cake/Routing/Dispatcher.php(185): Controller->invokeAction(Object(CakeRequest))
#7 /Users/seokazuya/apps/talk/lib/Cake/Routing/Dispatcher.php(160): Dispatcher->_invoke(Object(GreetingsController), Object(CakeRequest), Object(CakeResponse))
#8 /Users/seokazuya/apps/talk/app/webroot/index.php(108): Dispatcher->dispatch(Object(CakeRequest), Object(CakeResponse))
#9 {main}
2014-07-12 22:20:49 Error: [PDOException] SQLSTATE[42S22]: Column not found: 1054 Unknown column 'message' in 'field list'
Request URL: /greetings/sendmessage/
Stack Trace:
#0 /Users/seokazuya/apps/talk/lib/Cake/Model/Datasource/DboSource.php(458): PDOStatement->execute(Array)
#1 /Users/seokazuya/apps/talk/lib/Cake/Model/Datasource/DboSource.php(424): DboSource->_execute('INSERT INTO gre...', Array)
#2 /Users/seokazuya/apps/talk/lib/Cake/Model/Datasource/DboSource.php(665): DboSource->execute('INSERT INTO gre...', Array, Array)
#3 /Users/seokazuya/apps/talk/lib/Cake/Model/Datasource/DboSource.php(609): DboSource->fetchAll('INSERT INTO gre...', Array, Array)
#4 [internal function]: DboSource->query('INSERT INTO gre...', Array)
#5 /Users/seokazuya/apps/talk/lib/Cake/Model/Model.php(3307): call_user_func_array(Array, Array)
#6 /Users/seokazuya/apps/talk/app/Model/Greeting.php(12): Model->query('INSERT INTO gre...', Array)
#7 /Users/seokazuya/apps/talk/app/Controller/GreetingsController.php(12): Greeting->setData('hello')
#8 [internal function]: GreetingsController->sendmessage()
#9 /Users/seokazuya/apps/talk/lib/Cake/Controller/Controller.php(490): ReflectionMethod->invokeArgs(Object(GreetingsController), Array)
#10 /Users/seokazuya/apps/talk/lib/Cake/Routing/Dispatcher.php(185): Controller->invokeAction(Object(CakeRequest))
#11 /Users/seokazuya/apps/talk/lib/Cake/Routing/Dispatcher.php(160): Dispatcher->_invoke(Object(GreetingsController), Object(CakeRequest), Object(CakeResponse))
#12 /Users/seokazuya/apps/talk/app/webroot/index.php(108): Dispatcher->dispatch(Object(CakeRequest), Object(CakeResponse))
#13 {main}
2014-07-12 22:21:51 Error: [PDOException] SQLSTATE[42S02]: Base table or view not found: 1146 Table 'talk.greeting' doesn't exist
Request URL: /greetings/sendmessage/
Stack Trace:
#0 /Users/seokazuya/apps/talk/lib/Cake/Model/Datasource/DboSource.php(458): PDOStatement->execute(Array)
#1 /Users/seokazuya/apps/talk/lib/Cake/Model/Datasource/DboSource.php(424): DboSource->_execute('INSERT INTO gre...', Array)
#2 /Users/seokazuya/apps/talk/lib/Cake/Model/Datasource/DboSource.php(665): DboSource->execute('INSERT INTO gre...', Array, Array)
#3 /Users/seokazuya/apps/talk/lib/Cake/Model/Datasource/DboSource.php(609): DboSource->fetchAll('INSERT INTO gre...', Array, Array)
#4 [internal function]: DboSource->query('INSERT INTO gre...', Array)
#5 /Users/seokazuya/apps/talk/lib/Cake/Model/Model.php(3307): call_user_func_array(Array, Array)
#6 /Users/seokazuya/apps/talk/app/Model/Greeting.php(12): Model->query('INSERT INTO gre...', Array)
#7 /Users/seokazuya/apps/talk/app/Controller/GreetingsController.php(12): Greeting->setData('hello')
#8 [internal function]: GreetingsController->sendmessage()
#9 /Users/seokazuya/apps/talk/lib/Cake/Controller/Controller.php(490): ReflectionMethod->invokeArgs(Object(GreetingsController), Array)
#10 /Users/seokazuya/apps/talk/lib/Cake/Routing/Dispatcher.php(185): Controller->invokeAction(Object(CakeRequest))
#11 /Users/seokazuya/apps/talk/lib/Cake/Routing/Dispatcher.php(160): Dispatcher->_invoke(Object(GreetingsController), Object(CakeRequest), Object(CakeResponse))
#12 /Users/seokazuya/apps/talk/app/webroot/index.php(108): Dispatcher->dispatch(Object(CakeRequest), Object(CakeResponse))
#13 {main}
2014-07-12 22:25:11 Error: [MissingViewException] View file "/Users/seokazuya/apps/talk/app/View/Greetings/sendmessage.ctp" is missing.
Exception Attributes: array (
  'file' => '/Users/seokazuya/apps/talk/app/View/Greetings/sendmessage.ctp',
)
Request URL: /greetings/sendmessage/
Stack Trace:
#0 /Users/seokazuya/apps/talk/lib/Cake/View/View.php(462): View->_getViewFileName(NULL)
#1 /Users/seokazuya/apps/talk/lib/Cake/Controller/Controller.php(954): View->render(NULL, NULL)
#2 /Users/seokazuya/apps/talk/lib/Cake/Routing/Dispatcher.php(192): Controller->render()
#3 /Users/seokazuya/apps/talk/lib/Cake/Routing/Dispatcher.php(160): Dispatcher->_invoke(Object(GreetingsController), Object(CakeRequest), Object(CakeResponse))
#4 /Users/seokazuya/apps/talk/app/webroot/index.php(108): Dispatcher->dispatch(Object(CakeRequest), Object(CakeResponse))
#5 {main}
2014-07-12 22:27:46 Error: [PDOException] SQLSTATE[42000]: Syntax error or access violation: 1064 You have an error in your SQL syntax; check the manual that corresponds to your MySQL server version for the right syntax to use near 'mysql_insert_id()' at line 1
Request URL: /greetings/sendmessage/
Stack Trace:
#0 /Users/seokazuya/apps/talk/lib/Cake/Model/Datasource/DboSource.php(458): PDOStatement->execute(Array)
#1 /Users/seokazuya/apps/talk/lib/Cake/Model/Datasource/DboSource.php(424): DboSource->_execute('mysql_insert_id...', Array)
#2 /Users/seokazuya/apps/talk/lib/Cake/Model/Datasource/DboSource.php(665): DboSource->execute('mysql_insert_id...', Array, Array)
#3 /Users/seokazuya/apps/talk/lib/Cake/Model/Datasource/DboSource.php(537): DboSource->fetchAll('mysql_insert_id...')
#4 [internal function]: DboSource->query('mysql_insert_id...')
#5 /Users/seokazuya/apps/talk/lib/Cake/Model/Model.php(3307): call_user_func_array(Array, Array)
#6 /Users/seokazuya/apps/talk/app/Model/Greeting.php(14): Model->query('mysql_insert_id...')
#7 /Users/seokazuya/apps/talk/app/Controller/GreetingsController.php(12): Greeting->setData('hello')
#8 [internal function]: GreetingsController->sendmessage()
#9 /Users/seokazuya/apps/talk/lib/Cake/Controller/Controller.php(490): ReflectionMethod->invokeArgs(Object(GreetingsController), Array)
#10 /Users/seokazuya/apps/talk/lib/Cake/Routing/Dispatcher.php(185): Controller->invokeAction(Object(CakeRequest))
#11 /Users/seokazuya/apps/talk/lib/Cake/Routing/Dispatcher.php(160): Dispatcher->_invoke(Object(GreetingsController), Object(CakeRequest), Object(CakeResponse))
#12 /Users/seokazuya/apps/talk/app/webroot/index.php(108): Dispatcher->dispatch(Object(CakeRequest), Object(CakeResponse))
#13 {main}
2014-07-12 22:28:45 Error: [PDOException] SQLSTATE[42000]: Syntax error or access violation: 1305 FUNCTION talk.mysql_insert_id does not exist
Request URL: /greetings/sendmessage/
Stack Trace:
#0 /Users/seokazuya/apps/talk/lib/Cake/Model/Datasource/DboSource.php(458): PDOStatement->execute(Array)
#1 /Users/seokazuya/apps/talk/lib/Cake/Model/Datasource/DboSource.php(424): DboSource->_execute('SELECT mysql_in...', Array)
#2 /Users/seokazuya/apps/talk/lib/Cake/Model/Datasource/DboSource.php(665): DboSource->execute('SELECT mysql_in...', Array, Array)
#3 /Users/seokazuya/apps/talk/lib/Cake/Model/Datasource/DboSource.php(537): DboSource->fetchAll('SELECT mysql_in...')
#4 [internal function]: DboSource->query('SELECT mysql_in...')
#5 /Users/seokazuya/apps/talk/lib/Cake/Model/Model.php(3307): call_user_func_array(Array, Array)
#6 /Users/seokazuya/apps/talk/app/Model/Greeting.php(14): Model->query('SELECT mysql_in...')
#7 /Users/seokazuya/apps/talk/app/Controller/GreetingsController.php(12): Greeting->setData('hello')
#8 [internal function]: GreetingsController->sendmessage()
#9 /Users/seokazuya/apps/talk/lib/Cake/Controller/Controller.php(490): ReflectionMethod->invokeArgs(Object(GreetingsController), Array)
#10 /Users/seokazuya/apps/talk/lib/Cake/Routing/Dispatcher.php(185): Controller->invokeAction(Object(CakeRequest))
#11 /Users/seokazuya/apps/talk/lib/Cake/Routing/Dispatcher.php(160): Dispatcher->_invoke(Object(GreetingsController), Object(CakeRequest), Object(CakeResponse))
#12 /Users/seokazuya/apps/talk/app/webroot/index.php(108): Dispatcher->dispatch(Object(CakeRequest), Object(CakeResponse))
#13 {main}
2014-07-12 22:31:28 Error: [MissingViewException] View file "/Users/seokazuya/apps/talk/app/View/Greetings/sendmessage.ctp" is missing.
Exception Attributes: array (
  'file' => '/Users/seokazuya/apps/talk/app/View/Greetings/sendmessage.ctp',
)
Request URL: /greetings/sendmessage/
Stack Trace:
#0 /Users/seokazuya/apps/talk/lib/Cake/View/View.php(462): View->_getViewFileName(NULL)
#1 /Users/seokazuya/apps/talk/lib/Cake/Controller/Controller.php(954): View->render(NULL, NULL)
#2 /Users/seokazuya/apps/talk/lib/Cake/Routing/Dispatcher.php(192): Controller->render()
#3 /Users/seokazuya/apps/talk/lib/Cake/Routing/Dispatcher.php(160): Dispatcher->_invoke(Object(GreetingsController), Object(CakeRequest), Object(CakeResponse))
#4 /Users/seokazuya/apps/talk/app/webroot/index.php(108): Dispatcher->dispatch(Object(CakeRequest), Object(CakeResponse))
#5 {main}
2014-07-12 22:32:16 Error: [MissingViewException] View file "/Users/seokazuya/apps/talk/app/View/Greetings/sendmessage.ctp" is missing.
Exception Attributes: array (
  'file' => '/Users/seokazuya/apps/talk/app/View/Greetings/sendmessage.ctp',
)
Request URL: /greetings/sendmessage/
Stack Trace:
#0 /Users/seokazuya/apps/talk/lib/Cake/View/View.php(462): View->_getViewFileName(NULL)
#1 /Users/seokazuya/apps/talk/lib/Cake/Controller/Controller.php(954): View->render(NULL, NULL)
#2 /Users/seokazuya/apps/talk/lib/Cake/Routing/Dispatcher.php(192): Controller->render()
#3 /Users/seokazuya/apps/talk/lib/Cake/Routing/Dispatcher.php(160): Dispatcher->_invoke(Object(GreetingsController), Object(CakeRequest), Object(CakeResponse))
#4 /Users/seokazuya/apps/talk/app/webroot/index.php(108): Dispatcher->dispatch(Object(CakeRequest), Object(CakeResponse))
#5 {main}
2014-07-12 22:32:54 Error: [MissingViewException] View file "/Users/seokazuya/apps/talk/app/View/Greetings/sendmessage.ctp" is missing.
Exception Attributes: array (
  'file' => '/Users/seokazuya/apps/talk/app/View/Greetings/sendmessage.ctp',
)
Request URL: /greetings/sendmessage/
Stack Trace:
#0 /Users/seokazuya/apps/talk/lib/Cake/View/View.php(462): View->_getViewFileName(NULL)
#1 /Users/seokazuya/apps/talk/lib/Cake/Controller/Controller.php(954): View->render(NULL, NULL)
#2 /Users/seokazuya/apps/talk/lib/Cake/Routing/Dispatcher.php(192): Controller->render()
#3 /Users/seokazuya/apps/talk/lib/Cake/Routing/Dispatcher.php(160): Dispatcher->_invoke(Object(GreetingsController), Object(CakeRequest), Object(CakeResponse))
#4 /Users/seokazuya/apps/talk/app/webroot/index.php(108): Dispatcher->dispatch(Object(CakeRequest), Object(CakeResponse))
#5 {main}
2014-07-12 22:33:20 Error: [MissingViewException] View file "/Users/seokazuya/apps/talk/app/View/Greetings/sendmessage.ctp" is missing.
Exception Attributes: array (
  'file' => '/Users/seokazuya/apps/talk/app/View/Greetings/sendmessage.ctp',
)
Request URL: /greetings/sendmessage/
Stack Trace:
#0 /Users/seokazuya/apps/talk/lib/Cake/View/View.php(462): View->_getViewFileName(NULL)
#1 /Users/seokazuya/apps/talk/lib/Cake/Controller/Controller.php(954): View->render(NULL, NULL)
#2 /Users/seokazuya/apps/talk/lib/Cake/Routing/Dispatcher.php(192): Controller->render()
#3 /Users/seokazuya/apps/talk/lib/Cake/Routing/Dispatcher.php(160): Dispatcher->_invoke(Object(GreetingsController), Object(CakeRequest), Object(CakeResponse))
#4 /Users/seokazuya/apps/talk/app/webroot/index.php(108): Dispatcher->dispatch(Object(CakeRequest), Object(CakeResponse))
#5 {main}
2014-07-12 22:33:35 Error: [MissingViewException] View file "/Users/seokazuya/apps/talk/app/View/Greetings/sendmessage.ctp" is missing.
Exception Attributes: array (
  'file' => '/Users/seokazuya/apps/talk/app/View/Greetings/sendmessage.ctp',
)
Request URL: /greetings/sendmessage/
Stack Trace:
#0 /Users/seokazuya/apps/talk/lib/Cake/View/View.php(462): View->_getViewFileName(NULL)
#1 /Users/seokazuya/apps/talk/lib/Cake/Controller/Controller.php(954): View->render(NULL, NULL)
#2 /Users/seokazuya/apps/talk/lib/Cake/Routing/Dispatcher.php(192): Controller->render()
#3 /Users/seokazuya/apps/talk/lib/Cake/Routing/Dispatcher.php(160): Dispatcher->_invoke(Object(GreetingsController), Object(CakeRequest), Object(CakeResponse))
#4 /Users/seokazuya/apps/talk/app/webroot/index.php(108): Dispatcher->dispatch(Object(CakeRequest), Object(CakeResponse))
#5 {main}
2014-07-12 22:34:06 Error: [MissingViewException] View file "/Users/seokazuya/apps/talk/app/View/Greetings/sendmessage.ctp" is missing.
Exception Attributes: array (
  'file' => '/Users/seokazuya/apps/talk/app/View/Greetings/sendmessage.ctp',
)
Request URL: /greetings/sendmessage/
Stack Trace:
#0 /Users/seokazuya/apps/talk/lib/Cake/View/View.php(462): View->_getViewFileName(NULL)
#1 /Users/seokazuya/apps/talk/lib/Cake/Controller/Controller.php(954): View->render(NULL, NULL)
#2 /Users/seokazuya/apps/talk/lib/Cake/Routing/Dispatcher.php(192): Controller->render()
#3 /Users/seokazuya/apps/talk/lib/Cake/Routing/Dispatcher.php(160): Dispatcher->_invoke(Object(GreetingsController), Object(CakeRequest), Object(CakeResponse))
#4 /Users/seokazuya/apps/talk/app/webroot/index.php(108): Dispatcher->dispatch(Object(CakeRequest), Object(CakeResponse))
#5 {main}
2014-07-17 19:07:30 Error: [MissingControllerException] Controller class GreetingController could not be found.
Exception Attributes: array (
  'class' => 'GreetingController',
  'plugin' => NULL,
)
Request URL: /greeting
Stack Trace:
#0 /Users/seokazuya/apps/talk/app/webroot/index.php(108): Dispatcher->dispatch(Object(CakeRequest), Object(CakeResponse))
#1 {main}
2014-07-17 19:07:43 Error: [PDOException] SQLSTATE[HY000]: General error: 1366 Incorrect string value: '\xE3\x83\x90\xE3\x82\xA4...' for column 'body' at row 1
Request URL: /greetings/sendmessage/
Stack Trace:
#0 /Users/seokazuya/apps/talk/lib/Cake/Model/Datasource/DboSource.php(458): PDOStatement->execute(Array)
#1 /Users/seokazuya/apps/talk/lib/Cake/Model/Datasource/DboSource.php(424): DboSource->_execute('INSERT INTO gre...', Array)
#2 /Users/seokazuya/apps/talk/lib/Cake/Model/Datasource/DboSource.php(665): DboSource->execute('INSERT INTO gre...', Array, Array)
#3 /Users/seokazuya/apps/talk/lib/Cake/Model/Datasource/DboSource.php(609): DboSource->fetchAll('INSERT INTO gre...', Array, Array)
#4 [internal function]: DboSource->query('INSERT INTO gre...', Array)
#5 /Users/seokazuya/apps/talk/lib/Cake/Model/Model.php(3307): call_user_func_array(Array, Array)
#6 /Users/seokazuya/apps/talk/app/Model/Greeting.php(12): Model->query('INSERT INTO gre...', Array)
#7 /Users/seokazuya/apps/talk/app/Controller/GreetingsController.php(12): Greeting->setData('?????????')
#8 [internal function]: GreetingsController->sendmessage()
#9 /Users/seokazuya/apps/talk/lib/Cake/Controller/Controller.php(490): ReflectionMethod->invokeArgs(Object(GreetingsController), Array)
#10 /Users/seokazuya/apps/talk/lib/Cake/Routing/Dispatcher.php(185): Controller->invokeAction(Object(CakeRequest))
#11 /Users/seokazuya/apps/talk/lib/Cake/Routing/Dispatcher.php(160): Dispatcher->_invoke(Object(GreetingsController), Object(CakeRequest), Object(CakeResponse))
#12 /Users/seokazuya/apps/talk/app/webroot/index.php(108): Dispatcher->dispatch(Object(CakeRequest), Object(CakeResponse))
#13 {main}
2014-07-17 19:08:08 Error: [PDOException] SQLSTATE[HY000]: General error: 1366 Incorrect string value: '\xE3\x83\x90\xE3\x82\xA4...' for column 'body' at row 1
Request URL: /greetings/sendmessage/
Stack Trace:
#0 /Users/seokazuya/apps/talk/lib/Cake/Model/Datasource/DboSource.php(458): PDOStatement->execute(Array)
#1 /Users/seokazuya/apps/talk/lib/Cake/Model/Datasource/DboSource.php(424): DboSource->_execute('INSERT INTO gre...', Array)
#2 /Users/seokazuya/apps/talk/lib/Cake/Model/Datasource/DboSource.php(665): DboSource->execute('INSERT INTO gre...', Array, Array)
#3 /Users/seokazuya/apps/talk/lib/Cake/Model/Datasource/DboSource.php(609): DboSource->fetchAll('INSERT INTO gre...', Array, Array)
#4 [internal function]: DboSource->query('INSERT INTO gre...', Array)
#5 /Users/seokazuya/apps/talk/lib/Cake/Model/Model.php(3307): call_user_func_array(Array, Array)
#6 /Users/seokazuya/apps/talk/app/Model/Greeting.php(12): Model->query('INSERT INTO gre...', Array)
#7 /Users/seokazuya/apps/talk/app/Controller/GreetingsController.php(12): Greeting->setData('?????????')
#8 [internal function]: GreetingsController->sendmessage()
#9 /Users/seokazuya/apps/talk/lib/Cake/Controller/Controller.php(490): ReflectionMethod->invokeArgs(Object(GreetingsController), Array)
#10 /Users/seokazuya/apps/talk/lib/Cake/Routing/Dispatcher.php(185): Controller->invokeAction(Object(CakeRequest))
#11 /Users/seokazuya/apps/talk/lib/Cake/Routing/Dispatcher.php(160): Dispatcher->_invoke(Object(GreetingsController), Object(CakeRequest), Object(CakeResponse))
#12 /Users/seokazuya/apps/talk/app/webroot/index.php(108): Dispatcher->dispatch(Object(CakeRequest), Object(CakeResponse))
#13 {main}
2014-07-17 19:19:43 Error: [PDOException] SQLSTATE[42000]: Syntax error or access violation: 1064 You have an error in your SQL syntax; check the manual that corresponds to your MySQL server version for the right syntax to use near 'greetings WHERE id = '7'' at line 1
Request URL: /greetings/result/7/
Stack Trace:
#0 /Users/seokazuya/apps/talk/lib/Cake/Model/Datasource/DboSource.php(458): PDOStatement->execute(Array)
#1 /Users/seokazuya/apps/talk/lib/Cake/Model/Datasource/DboSource.php(424): DboSource->_execute('SELECT body FRO...', Array)
#2 /Users/seokazuya/apps/talk/lib/Cake/Model/Datasource/DboSource.php(665): DboSource->execute('SELECT body FRO...', Array, Array)
#3 /Users/seokazuya/apps/talk/lib/Cake/Model/Datasource/DboSource.php(609): DboSource->fetchAll('SELECT body FRO...', Array, Array)
#4 [internal function]: DboSource->query('SELECT body FRO...', Array)
#5 /Users/seokazuya/apps/talk/lib/Cake/Model/Model.php(3307): call_user_func_array(Array, Array)
#6 /Users/seokazuya/apps/talk/app/Model/Greeting.php(23): Model->query('SELECT body FRO...', Array)
#7 /Users/seokazuya/apps/talk/app/Controller/GreetingsController.php(22): Greeting->getBody('7')
#8 [internal function]: GreetingsController->result('7')
#9 /Users/seokazuya/apps/talk/lib/Cake/Controller/Controller.php(490): ReflectionMethod->invokeArgs(Object(GreetingsController), Array)
#10 /Users/seokazuya/apps/talk/lib/Cake/Routing/Dispatcher.php(185): Controller->invokeAction(Object(CakeRequest))
#11 /Users/seokazuya/apps/talk/lib/Cake/Routing/Dispatcher.php(160): Dispatcher->_invoke(Object(GreetingsController), Object(CakeRequest), Object(CakeResponse))
#12 /Users/seokazuya/apps/talk/app/webroot/index.php(108): Dispatcher->dispatch(Object(CakeRequest), Object(CakeResponse))
#13 {main}
2014-07-17 19:20:48 Error: [PDOException] SQLSTATE[42000]: Syntax error or access violation: 1064 You have an error in your SQL syntax; check the manual that corresponds to your MySQL server version for the right syntax to use near 'greetings WHERE id = '7'' at line 1
Request URL: /greetings/result/7/
Stack Trace:
#0 /Users/seokazuya/apps/talk/lib/Cake/Model/Datasource/DboSource.php(458): PDOStatement->execute(Array)
#1 /Users/seokazuya/apps/talk/lib/Cake/Model/Datasource/DboSource.php(424): DboSource->_execute('SELECT body FRO...', Array)
#2 /Users/seokazuya/apps/talk/lib/Cake/Model/Datasource/DboSource.php(665): DboSource->execute('SELECT body FRO...', Array, Array)
#3 /Users/seokazuya/apps/talk/lib/Cake/Model/Datasource/DboSource.php(609): DboSource->fetchAll('SELECT body FRO...', Array, Array)
#4 [internal function]: DboSource->query('SELECT body FRO...', Array)
#5 /Users/seokazuya/apps/talk/lib/Cake/Model/Model.php(3307): call_user_func_array(Array, Array)
#6 /Users/seokazuya/apps/talk/app/Model/Greeting.php(23): Model->query('SELECT body FRO...', Array)
#7 /Users/seokazuya/apps/talk/app/Controller/GreetingsController.php(22): Greeting->getBody('7')
#8 [internal function]: GreetingsController->result('7')
#9 /Users/seokazuya/apps/talk/lib/Cake/Controller/Controller.php(490): ReflectionMethod->invokeArgs(Object(GreetingsController), Array)
#10 /Users/seokazuya/apps/talk/lib/Cake/Routing/Dispatcher.php(185): Controller->invokeAction(Object(CakeRequest))
#11 /Users/seokazuya/apps/talk/lib/Cake/Routing/Dispatcher.php(160): Dispatcher->_invoke(Object(GreetingsController), Object(CakeRequest), Object(CakeResponse))
#12 /Users/seokazuya/apps/talk/app/webroot/index.php(108): Dispatcher->dispatch(Object(CakeRequest), Object(CakeResponse))
#13 {main}
2014-07-17 20:59:23 Error: [MissingControllerException] Controller class DrowerController could not be found.
Exception Attributes: array (
  'class' => 'DrowerController',
  'plugin' => NULL,
)
Request URL: /drower/
Stack Trace:
#0 /Users/seokazuya/apps/talk/app/webroot/index.php(108): Dispatcher->dispatch(Object(CakeRequest), Object(CakeResponse))
#1 {main}
2014-07-17 21:08:26 Error: [MissingControllerException] Controller class DrowerController could not be found.
Exception Attributes: array (
  'class' => 'DrowerController',
  'plugin' => NULL,
)
Request URL: /drower/
Stack Trace:
#0 /Users/seokazuya/apps/talk/app/webroot/index.php(108): Dispatcher->dispatch(Object(CakeRequest), Object(CakeResponse))
#1 {main}
2014-07-17 21:08:26 Error: [MissingControllerException] Controller class DrowerController could not be found.
Exception Attributes: array (
  'class' => 'DrowerController',
  'plugin' => NULL,
)
Request URL: /drower/
Stack Trace:
#0 /Users/seokazuya/apps/talk/app/webroot/index.php(108): Dispatcher->dispatch(Object(CakeRequest), Object(CakeResponse))
#1 {main}
2014-07-17 21:08:28 Error: [MissingControllerException] Controller class DrowerController could not be found.
Exception Attributes: array (
  'class' => 'DrowerController',
  'plugin' => NULL,
)
Request URL: /drower/
Stack Trace:
#0 /Users/seokazuya/apps/talk/app/webroot/index.php(108): Dispatcher->dispatch(Object(CakeRequest), Object(CakeResponse))
#1 {main}
2014-07-17 21:08:28 Error: [MissingControllerException] Controller class DrowerController could not be found.
Exception Attributes: array (
  'class' => 'DrowerController',
  'plugin' => NULL,
)
Request URL: /drower/
Stack Trace:
#0 /Users/seokazuya/apps/talk/app/webroot/index.php(108): Dispatcher->dispatch(Object(CakeRequest), Object(CakeResponse))
#1 {main}
2014-07-17 21:08:32 Error: Fatal Error (4): parse error, expecting `')'' in [/Users/seokazuya/apps/talk/app/Controller/GreetingsController.php, line 8]
2014-07-17 21:08:32 Error: [FatalErrorException] parse error, expecting `')''
Request URL: /greetings/
Stack Trace:
#0 /Users/seokazuya/apps/talk/lib/Cake/Error/ErrorHandler.php(203): ErrorHandler::handleFatalError(4, 'parse error, ex...', '/Users/seokazuy...', 8)
#1 [internal function]: ErrorHandler::handleError(4, 'parse error, ex...', '/Users/seokazuy...', 8, Array)
#2 /Users/seokazuya/apps/talk/lib/Cake/Core/App.php(929): call_user_func('ErrorHandler::h...', 4, 'parse error, ex...', '/Users/seokazuy...', 8, Array)
#3 /Users/seokazuya/apps/talk/lib/Cake/Core/App.php(902): App::_checkFatalError()
#4 [internal function]: App::shutdown()
#5 {main}
2014-07-17 21:09:13 Error: Fatal Error (4): parse error, expecting `"variable (T_VARIABLE)"' in [/Users/seokazuya/apps/talk/app/Controller/GreetingsController.php, line 5]
2014-07-17 21:09:13 Error: [FatalErrorException] parse error, expecting `"variable (T_VARIABLE)"'
Request URL: /greetings/
Stack Trace:
#0 /Users/seokazuya/apps/talk/lib/Cake/Error/ErrorHandler.php(203): ErrorHandler::handleFatalError(4, 'parse error, ex...', '/Users/seokazuy...', 5)
#1 [internal function]: ErrorHandler::handleError(4, 'parse error, ex...', '/Users/seokazuy...', 5, Array)
#2 /Users/seokazuya/apps/talk/lib/Cake/Core/App.php(929): call_user_func('ErrorHandler::h...', 4, 'parse error, ex...', '/Users/seokazuy...', 5, Array)
#3 /Users/seokazuya/apps/talk/lib/Cake/Core/App.php(902): App::_checkFatalError()
#4 [internal function]: App::shutdown()
#5 {main}
2014-07-17 21:09:28 Error: Fatal Error (4): parse error, expecting `"variable (T_VARIABLE)"' in [/Users/seokazuya/apps/talk/app/Controller/GreetingsController.php, line 5]
2014-07-17 21:09:28 Error: [FatalErrorException] parse error, expecting `"variable (T_VARIABLE)"'
Request URL: /greetings/
Stack Trace:
#0 /Users/seokazuya/apps/talk/lib/Cake/Error/ErrorHandler.php(203): ErrorHandler::handleFatalError(4, 'parse error, ex...', '/Users/seokazuy...', 5)
#1 [internal function]: ErrorHandler::handleError(4, 'parse error, ex...', '/Users/seokazuy...', 5, Array)
#2 /Users/seokazuya/apps/talk/lib/Cake/Core/App.php(929): call_user_func('ErrorHandler::h...', 4, 'parse error, ex...', '/Users/seokazuy...', 5, Array)
#3 /Users/seokazuya/apps/talk/lib/Cake/Core/App.php(902): App::_checkFatalError()
#4 [internal function]: App::shutdown()
#5 {main}
2014-07-17 21:09:29 Error: Fatal Error (4): parse error, expecting `"variable (T_VARIABLE)"' in [/Users/seokazuya/apps/talk/app/Controller/GreetingsController.php, line 5]
2014-07-17 21:09:29 Error: [FatalErrorException] parse error, expecting `"variable (T_VARIABLE)"'
Request URL: /greetings/
Stack Trace:
#0 /Users/seokazuya/apps/talk/lib/Cake/Error/ErrorHandler.php(203): ErrorHandler::handleFatalError(4, 'parse error, ex...', '/Users/seokazuy...', 5)
#1 [internal function]: ErrorHandler::handleError(4, 'parse error, ex...', '/Users/seokazuy...', 5, Array)
#2 /Users/seokazuya/apps/talk/lib/Cake/Core/App.php(929): call_user_func('ErrorHandler::h...', 4, 'parse error, ex...', '/Users/seokazuy...', 5, Array)
#3 /Users/seokazuya/apps/talk/lib/Cake/Core/App.php(902): App::_checkFatalError()
#4 [internal function]: App::shutdown()
#5 {main}
